<?xml version="1.0" encoding="UTF-8"?>
<testng-results skipped="0" failed="0" ignored="0" total="1" passed="1">
  <reporter-output>
  </reporter-output>
  <suite name="helloWorld.TestHelloWorld" duration-ms="97" started-at="2020-10-07T21:07:34 EDT" finished-at="2020-10-07T21:07:34 EDT">
    <groups>
    </groups>
    <test name="Command line test" duration-ms="97" started-at="2020-10-07T21:07:34 EDT" finished-at="2020-10-07T21:07:34 EDT">
      <class name="helloWorld.TestHelloWorld">
        <test-method status="PASS" signature="testHelloWorld()[pri:0, instance:helloWorld.TestHelloWorld@26be92ad]" name="testHelloWorld" duration-ms="9" started-at="2020-10-07T21:07:34 EDT" finished-at="2020-10-07T21:07:34 EDT">
          <reporter-output>
          </reporter-output>
        </test-method> <!-- testHelloWorld -->
      </class> <!-- helloWorld.TestHelloWorld -->
    </test> <!-- Command line test -->
  </suite> <!-- helloWorld.TestHelloWorld -->
</testng-results>
